<?xml version="1.0" encoding="utf-8"?><testsuites name="pytest tests"><testsuite name="pytest" errors="0" failures="0" skipped="0" tests="24" time="9.960" timestamp="2026-08-11T05:19:26.434867+00:00" hostname="agent-env-ac3c6c9f-eb0c-41db-9cea-22062f301c04"><testcase classname="tests.test_gridfs_regression.TestAdminImageUpload" name="test_image_upload_serve_and_bytes_integrity" time="0.782" /><testcase classname="tests.test_gridfs_regression.TestAdminImageUpload" name="test_image_bad_type_rejected" time="0.044" /><testcase classname="tests.test_gridfs_regression.TestAdminImageUpload" name="test_image_unauthorized" time="0.133" /><testcase classname="tests.test_gridfs_regression.TestAdminDocumentUpload" name="test_document_upload_and_serve" time="0.156" /><testcase classname="tests.test_gridfs_regression.TestCapabilityPdf" name="test_public_capability_serves_pdf" time="0.204" /><testcase classname="tests.test_gridfs_regression.TestCapabilityPdf" name="test_capability_replace_deletes_old" time="0.344" /><testcase classname="tests.test_gridfs_regression.TestEvidenceLifecycle" name="test_evidence_upload_serve_delete_and_disk_untouched" time="0.733" /><testcase classname="tests.test_gridfs_regression.TestEvidenceLifecycle" name="test_evidence_upload_unauthenticated" time="0.145" /><testcase classname="tests.test_gridfs_regression.TestEvidenceLifecycle" name="test_reviewer_cannot_upload_as_client" time="0.452" /><testcase classname="tests.test_gridfs_regression.TestPersistenceAcrossRestart" name="test_file_survives_backend_restart" time="3.622" /><testcase classname="tests.test_gridfs_regression.TestMigrationIdempotent" name="test_second_run_migrates_zero" time="1.337" /><testcase classname="tests.test_gridfs_regression.TestMigrationIdempotent" name="test_no_duplicate_gridfs_entries_for_capability" time="0.069" /><testcase classname="tests.test_gridfs_regression.TestRegression" name="test_public_endpoints_200[/public/home]" time="0.101" /><testcase classname="tests.test_gridfs_regression.TestRegression" name="test_public_endpoints_200[/public/services]" time="0.097" /><testcase classname="tests.test_gridfs_regression.TestRegression" name="test_public_endpoints_200[/public/projects]" time="0.098" /><testcase classname="tests.test_gridfs_regression.TestRegression" name="test_public_endpoints_200[/public/team]" time="0.099" /><testcase classname="tests.test_gridfs_regression.TestRegression" name="test_public_endpoints_200[/public/blogs]" time="0.126" /><testcase classname="tests.test_gridfs_regression.TestRegression" name="test_public_endpoints_200[/public/settings]" time="0.094" /><testcase classname="tests.test_gridfs_regression.TestRegression" name="test_public_endpoints_200[/health]" time="0.104" /><testcase classname="tests.test_gridfs_regression.TestRegression" name="test_unified_login_admin" time="0.338" /><testcase classname="tests.test_gridfs_regression.TestRegression" name="test_unified_login_client" time="0.321" /><testcase classname="tests.test_gridfs_regression.TestRegression" name="test_unified_login_reviewer" time="0.324" /><testcase classname="tests.test_gridfs_regression.TestRegression" name="test_client_list_and_create_projects" time="0.092" /><testcase classname="tests.test_gridfs_regression.TestRegression" name="test_reviewer_assignments_list" time="0.045" /></testsuite></testsuites>