<?xml version="1.0" encoding="utf-8"?><testsuites name="pytest tests"><testsuite name="pytest" errors="0" failures="0" skipped="0" tests="24" time="2.578" timestamp="2026-08-08T14:35:59.927414+00:00" hostname="agent-env-ac3c6c9f-eb0c-41db-9cea-22062f301c04"><testcase classname="tests.test_phase1.TestPublicPhase1Content" name="test_industries_list" time="0.120" /><testcase classname="tests.test_phase1.TestPublicPhase1Content" name="test_industry_detail" time="0.089" /><testcase classname="tests.test_phase1.TestPublicPhase1Content" name="test_industry_detail_404" time="0.048" /><testcase classname="tests.test_phase1.TestPublicPhase1Content" name="test_methodology" time="0.045" /><testcase classname="tests.test_phase1.TestPublicPhase1Content" name="test_resources" time="0.043" /><testcase classname="tests.test_phase1.TestPublicPhase1Content" name="test_assessment_questions_public" time="0.044" /><testcase classname="tests.test_phase1.TestPublicForms" name="test_booking_creates_lead_and_booking" time="0.579" /><testcase classname="tests.test_phase1.TestPublicForms" name="test_certification_finder" time="0.152" /><testcase classname="tests.test_phase1.TestPublicForms" name="test_assessment" time="0.190" /><testcase classname="tests.test_phase1.TestPublicForms" name="test_contact_creates_lead" time="0.200" /><testcase classname="tests.test_phase1.TestAdminPhase1" name="test_leads_list_and_sources" time="0.051" /><testcase classname="tests.test_phase1.TestAdminPhase1" name="test_leads_filter_by_source" time="0.045" /><testcase classname="tests.test_phase1.TestAdminPhase1" name="test_lead_patch_status_note" time="0.094" /><testcase classname="tests.test_phase1.TestAdminPhase1" name="test_leads_export_csv" time="0.045" /><testcase classname="tests.test_phase1.TestAdminPhase1" name="test_booking_update_status" time="0.237" /><testcase classname="tests.test_phase1.TestAdminPhase1" name="test_dashboard_phase1_metrics" time="0.053" /><testcase classname="tests.test_phase1.TestPhase1CRUDs" name="test_list_endpoint[industries]" time="0.045" /><testcase classname="tests.test_phase1.TestPhase1CRUDs" name="test_list_endpoint[methodology_steps]" time="0.046" /><testcase classname="tests.test_phase1.TestPhase1CRUDs" name="test_list_endpoint[resources]" time="0.043" /><testcase classname="tests.test_phase1.TestPhase1CRUDs" name="test_list_endpoint[partners]" time="0.051" /><testcase classname="tests.test_phase1.TestPhase1CRUDs" name="test_list_endpoint[events]" time="0.044" /><testcase classname="tests.test_phase1.TestPhase1CRUDs" name="test_list_endpoint[certification_rules]" time="0.045" /><testcase classname="tests.test_phase1.TestPhase1CRUDs" name="test_list_endpoint[assessment_questions]" time="0.047" /><testcase classname="tests.test_phase1.TestPhase1CRUDs" name="test_industry_create_and_delete" time="0.137" /></testsuite></testsuites>