<?xml version="1.0" encoding="utf-8"?><testsuites name="pytest tests"><testsuite name="pytest" errors="0" failures="0" skipped="0" tests="6" time="3.852" timestamp="2026-08-10T18:32:42.946792+00:00" hostname="agent-env-ac3c6c9f-eb0c-41db-9cea-22062f301c04"><testcase classname="tests.test_portal_phase2.TestAdminCertification" name="test_assign_draft_blocked_409" time="1.677" /><testcase classname="tests.test_portal_phase2.TestReviewerWorkflow" name="test_recommendations_and_request_changes_and_resubmit" time="2.618" /><testcase classname="tests.test_portal_phase2.TestAdminCertification" name="test_finalize_full_flow" time="0.531" /><testcase classname="tests.test_portal_phase2.TestAdminCertification" name="test_finalize_rejected_flow" time="0.434" /><testcase classname="tests.test_portal_phase2.TestReviewerWorkflow" name="test_forward_blocks_until_mandatory_met_then_succeeds" time="0.609" /><testcase classname="tests.test_portal_phase2.TestReviewerWorkflow" name="test_role_isolation_reviewer_endpoints" time="0.304" /></testsuite></testsuites>