<?xml version="1.0" encoding="utf-8"?><testsuites name="pytest tests"><testsuite name="pytest" errors="0" failures="0" skipped="0" tests="6" time="3.038" timestamp="2026-08-11T04:08:22.511724+00:00" hostname="agent-env-ac3c6c9f-eb0c-41db-9cea-22062f301c04"><testcase classname="tests.test_phase_bc.TestEvidenceUpload" name="test_upload_serve_delete_and_reviewer_review" time="1.795" /><testcase classname="tests.test_phase_bc.TestEvidenceUpload" name="test_invalid_extension_rejected" time="0.135" /><testcase classname="tests.test_phase_bc.TestAssignmentDepth" name="test_reviewers_list_has_workload_fields" time="0.046" /><testcase classname="tests.test_phase_bc.TestAssignmentDepth" name="test_assign_reassign_unassign_history" time="0.851" /><testcase classname="tests.test_phase_bc.TestFullProjectForm" name="test_persists_building_info_geo_privacy_team" time="0.080" /><testcase classname="tests.test_phase_bc.TestFullProjectForm" name="test_residential_type_allowed" time="0.084" /></testsuite></testsuites>