<?xml version="1.0" encoding="utf-8"?><testsuites name="pytest tests"><testsuite name="pytest" errors="0" failures="1" skipped="0" tests="16" time="6.831" timestamp="2026-08-10T17:54:21.288464+00:00" hostname="agent-env-ac3c6c9f-eb0c-41db-9cea-22062f301c04"><testcase classname="tests.test_portal.TestUnifiedLogin" name="test_admin_login" time="0.751" /><testcase classname="tests.test_portal.TestAdminPortal" name="test_dashboard" time="0.756" /><testcase classname="tests.test_portal.TestUnifiedLogin" name="test_client_login" time="0.354" /><testcase classname="tests.test_portal.TestAdminPortal" name="test_clients_list_has_project_count" time="0.075" /><testcase classname="tests.test_portal.TestAdminPortal" name="test_create_reviewer_and_duplicate" time="0.731" /><testcase classname="tests.test_portal.TestUnifiedLogin" name="test_reviewer_login" time="0.449" /><testcase classname="tests.test_portal.TestUnifiedLogin" name="test_wrong_password_401" time="0.794" /><testcase classname="tests.test_portal.TestAdminPortal" name="test_projects_list_and_assign" time="1.653" /><testcase classname="tests.test_portal.TestRoleEnforcement" name="test_no_auth_401" time="0.575" /><testcase classname="tests.test_portal.TestUnifiedLogin" name="test_me_returns_role" time="1.380" /><testcase classname="tests.test_portal.TestClientOtpFlow" name="test_register_verify_creates_client" time="1.950" /><testcase classname="tests.test_portal.TestRoleEnforcement" name="test_client_cannot_access_reviewer_or_admin" time="0.612" /><testcase classname="tests.test_portal.TestRoleEnforcement" name="test_reviewer_cannot_access_client_or_admin" time="0.106" /><testcase classname="tests.test_portal.TestClientOtpFlow" name="test_duplicate_email_returns_409" time="0.132" /><testcase classname="tests.test_portal.TestClientProjects" name="test_commercial_project_full_flow" time="0.318"><failure message="assert 0 &gt; 0">tests/test_portal.py:224: in test_commercial_project_full_flow
    assert d["score"]["claimed_total"] &gt; 0
E   assert 0 &gt; 0</failure></testcase><testcase classname="tests.test_portal.TestClientProjects" name="test_residential_under_configuration" time="0.177" /></testsuite></testsuites>