<?xml version="1.0" encoding="utf-8"?><testsuites name="pytest tests"><testsuite name="pytest" errors="0" failures="2" skipped="0" tests="28" time="6.710" timestamp="2026-08-08T13:05:11.485166+00:00" hostname="agent-env-ac3c6c9f-eb0c-41db-9cea-22062f301c04"><testcase classname="tests.backend_test.TestPublic" name="test_home" time="0.214"><failure message="AssertionError: missing settings in /public/home&#10;assert 'settings' in {'home': {'id': 'homepage', 'hero_title': 'Building a resilient future for our planet', 'hero_subtitle': 'End-to-end sustainability consulting across every major green building framework — transforming challenges into long-term value.', 'hero_image': 'https://images.unsplash.com/photo-1556983852-43bf21186b2a', ...}, 'services': [{'id': '37287ca7-bab8-41a1-b29f-be6ece04691b', 'slug': 'audit-energy', 'title': 'Audit &amp; Energy', 'icon': 'gauge', ...}, {'id': '39ced004-ad6e-40ce-9d1f-fd9f063c2e2b', 'slug': 'building-certification', 'title': 'Building Certification', 'icon': 'award', ...}, {'id': '5f40c3f0-29c3-473f-b067-f453c1c2b012', 'slug': 'climate-action-plan', 'title': 'Climate Action Plan', 'icon': 'leaf', ...}, {'id': '9a2e56e3-28e0-4286-84f6-e95e6edfe2ef', 'slug': 'data-management-reporting', 'title': 'Data Management &amp; Reporting', 'icon': 'bar-chart-3', ...}], 'projects': [{'id': '60cd8ef2-6e01-4af4-9771-21f895dfce02', 'slug': 'raheja-mindspace-building-12b-12c-hyderabad', 'title': 'Raheja Mindspace – Building 12B, 12C', 'location': 'Hyderabad', ...}, {'id': '4e8ebd54-b59b-444a-bd54-72ec18304617', 'slug': 'adore-building-pune', 'title': 'Adore Building', 'location': 'Pune', ....tle': 'Bharatiya City', 'location': 'Bangalore', ...}, {'id': 'e01f72f0-b4ed-4fad-86ab-6d6648105740', 'slug': 'tcs-tril-chennai', 'title': 'TCS TRIL', 'location': 'Chennai', ...}, {'id': '1c54c50c-5818-4500-b8d4-832855771374', 'slug': 'hexaware-pune', 'title': 'Hexaware', 'location': 'Pune', ...}], 'team': [{'id': '55f19c48-5bc7-4f4c-88c7-51ed07445df3', 'name': 'Ankita Verma', 'designation': 'Founder &amp; Director', 'credentials': 'IGBC AP, GRIHA CP, LEED AP', ...}, {'id': '6415b2ec-ac92-4d6b-b559-ec15bb97fd0f', 'name': 'Pratishu Kumar', 'designation': 'Associate Director', 'credentials': 'IGBC AP', ...}, {'id': '5f3c820f-c8df-4b3d-9f22-c8792e07d9ef', 'name': 'Priyadarshi Das', 'designation': 'Vice President, Operations', 'credentials': 'IGBC AP', ...}, {'id': 'ea7aa27a-96ad-447e-be83-972922734f26', 'name': 'Ayush Anand', 'designation': 'Honorary Advisor', 'credentials': 'IGBC AP, SCR', ...}, {'id': '2ccf365a-1737-4bf0-994e-a08408345417', 'name': 'Pratik Kumar', 'designation': 'Advisory Consultant', 'credentials': 'USGBC Faculty', ...}, {'id': 'd01fa403-6b63-4977-ac52-fe443df728eb', 'name': 'Pratisar Singh', 'designation': 'Marketing Consultant', 'credentials': 'IGBC AP', ...}], ...}">backend/tests/backend_test.py:75: in test_home
    assert k in d, f"missing {k} in /public/home"
E   AssertionError: missing settings in /public/home
E   assert 'settings' in {'home': {'id': 'homepage', 'hero_title': 'Building a resilient future for our planet', 'hero_subtitle': 'End-to-end sustainability consulting across every major green building framework — transforming challenges into long-term value.', 'hero_image': 'https://images.unsplash.com/photo-1556983852-43bf21186b2a', ...}, 'services': [{'id': '37287ca7-bab8-41a1-b29f-be6ece04691b', 'slug': 'audit-energy', 'title': 'Audit &amp; Energy', 'icon': 'gauge', ...}, {'id': '39ced004-ad6e-40ce-9d1f-fd9f063c2e2b', 'slug': 'building-certification', 'title': 'Building Certification', 'icon': 'award', ...}, {'id': '5f40c3f0-29c3-473f-b067-f453c1c2b012', 'slug': 'climate-action-plan', 'title': 'Climate Action Plan', 'icon': 'leaf', ...}, {'id': '9a2e56e3-28e0-4286-84f6-e95e6edfe2ef', 'slug': 'data-management-reporting', 'title': 'Data Management &amp; Reporting', 'icon': 'bar-chart-3', ...}], 'projects': [{'id': '60cd8ef2-6e01-4af4-9771-21f895dfce02', 'slug': 'raheja-mindspace-building-12b-12c-hyderabad', 'title': 'Raheja Mindspace – Building 12B, 12C', 'location': 'Hyderabad', ...}, {'id': '4e8ebd54-b59b-444a-bd54-72ec18304617', 'slug': 'adore-building-pune', 'title': 'Adore Building', 'location': 'Pune', ....tle': 'Bharatiya City', 'location': 'Bangalore', ...}, {'id': 'e01f72f0-b4ed-4fad-86ab-6d6648105740', 'slug': 'tcs-tril-chennai', 'title': 'TCS TRIL', 'location': 'Chennai', ...}, {'id': '1c54c50c-5818-4500-b8d4-832855771374', 'slug': 'hexaware-pune', 'title': 'Hexaware', 'location': 'Pune', ...}], 'team': [{'id': '55f19c48-5bc7-4f4c-88c7-51ed07445df3', 'name': 'Ankita Verma', 'designation': 'Founder &amp; Director', 'credentials': 'IGBC AP, GRIHA CP, LEED AP', ...}, {'id': '6415b2ec-ac92-4d6b-b559-ec15bb97fd0f', 'name': 'Pratishu Kumar', 'designation': 'Associate Director', 'credentials': 'IGBC AP', ...}, {'id': '5f3c820f-c8df-4b3d-9f22-c8792e07d9ef', 'name': 'Priyadarshi Das', 'designation': 'Vice President, Operations', 'credentials': 'IGBC AP', ...}, {'id': 'ea7aa27a-96ad-447e-be83-972922734f26', 'name': 'Ayush Anand', 'designation': 'Honorary Advisor', 'credentials': 'IGBC AP, SCR', ...}, {'id': '2ccf365a-1737-4bf0-994e-a08408345417', 'name': 'Pratik Kumar', 'designation': 'Advisory Consultant', 'credentials': 'USGBC Faculty', ...}, {'id': 'd01fa403-6b63-4977-ac52-fe443df728eb', 'name': 'Pratisar Singh', 'designation': 'Marketing Consultant', 'credentials': 'IGBC AP', ...}], ...}</failure></testcase><testcase classname="tests.backend_test.TestAuth" name="test_login_with_id" time="0.514" /><testcase classname="tests.backend_test.TestPublic" name="test_about" time="0.276" /><testcase classname="tests.backend_test.TestAuth" name="test_login_with_email" time="0.339" /><testcase classname="tests.backend_test.TestPublic" name="test_services_list" time="0.101" /><testcase classname="tests.backend_test.TestPublic" name="test_projects_list_and_filters" time="0.332" /><testcase classname="tests.backend_test.TestAuth" name="test_login_wrong_password" time="0.394" /><testcase classname="tests.backend_test.TestPublic" name="test_team" time="0.326" /><testcase classname="tests.backend_test.TestAuth" name="test_dashboard_requires_auth" time="0.180" /><testcase classname="tests.backend_test.TestPublic" name="test_settings" time="0.047" /><testcase classname="tests.backend_test.TestPublic" name="test_blogs_public" time="0.048" /><testcase classname="tests.backend_test.TestEnquiries" name="test_enquiry_submit" time="0.416" /><testcase classname="tests.backend_test.TestAuth" name="test_me_via_cookie" time="0.404" /><testcase classname="tests.backend_test.TestEnquiries" name="test_enquiry_missing_fields" time="0.046" /><testcase classname="tests.backend_test.TestAuth" name="test_write_requires_csrf" time="0.709" /><testcase classname="tests.backend_test.TestSingletons" name="test_homepage_save" time="0.663" /><testcase classname="tests.backend_test.TestSingletons" name="test_website_settings_public_reflection" time="0.183"><failure message="AssertionError: assert 'TEST-3098' in ''&#10; +  where '' = &lt;built-in method get of dict object at 0xff7c7693bac0&gt;('company_name', '')&#10; +    where &lt;built-in method get of dict object at 0xff7c7693bac0&gt; = {'settings': {'id': 'settings', 'company_name': 'Resilient Earth Solutions TEST-3098', 'short_name': 'RES', 'cin': 'U70200BR2025PTC074681', ...}, 'seo': {'id': 'seo', 'default_title': 'Resilient Earth Solutions — Sustainability Consulting', 'default_description': 'RES provides end-to-end sustainability and green building consulting across LEED, IGBC, GRIHA, EDGE and WELL frameworks.', 'default_keywords': 'sustainability consulting, green building, LEED, IGBC, GRIHA, net zero, energy audit, India', ...}}.get&#10; +      where {'settings': {'id': 'settings', 'company_name': 'Resilient Earth Solutions TEST-3098', 'short_name': 'RES', 'cin': 'U70200BR2025PTC074681', ...}, 'seo': {'id': 'seo', 'default_title': 'Resilient Earth Solutions — Sustainability Consulting', 'default_description': 'RES provides end-to-end sustainability and green building consulting across LEED, IGBC, GRIHA, EDGE and WELL frameworks.', 'default_keywords': 'sustainability consulting, green building, LEED, IGBC, GRIHA, net zero, energy audit, India', ...}} = json()&#10; +        where json = &lt;Response [200]&gt;.json">backend/tests/backend_test.py:345: in test_website_settings_public_reflection
    assert tag in r_pub.json().get("company_name", "")
E   AssertionError: assert 'TEST-3098' in ''
E    +  where '' = &lt;built-in method get of dict object at 0xff7c7693bac0&gt;('company_name', '')
E    +    where &lt;built-in method get of dict object at 0xff7c7693bac0&gt; = {'settings': {'id': 'settings', 'company_name': 'Resilient Earth Solutions TEST-3098', 'short_name': 'RES', 'cin': 'U70200BR2025PTC074681', ...}, 'seo': {'id': 'seo', 'default_title': 'Resilient Earth Solutions — Sustainability Consulting', 'default_description': 'RES provides end-to-end sustainability and green building consulting across LEED, IGBC, GRIHA, EDGE and WELL frameworks.', 'default_keywords': 'sustainability consulting, green building, LEED, IGBC, GRIHA, net zero, energy audit, India', ...}}.get
E    +      where {'settings': {'id': 'settings', 'company_name': 'Resilient Earth Solutions TEST-3098', 'short_name': 'RES', 'cin': 'U70200BR2025PTC074681', ...}, 'seo': {'id': 'seo', 'default_title': 'Resilient Earth Solutions — Sustainability Consulting', 'default_description': 'RES provides end-to-end sustainability and green building consulting across LEED, IGBC, GRIHA, EDGE and WELL frameworks.', 'default_keywords': 'sustainability consulting, green building, LEED, IGBC, GRIHA, net zero, energy audit, India', ...}} = json()
E    +        where json = &lt;Response [200]&gt;.json</failure></testcase><testcase classname="tests.backend_test.TestHealth" name="test_health" time="0.045" /><testcase classname="tests.backend_test.TestProjectsCRUD" name="test_project_create_edit_delete" time="0.337" /><testcase classname="tests.backend_test.TestDashboard" name="test_dashboard_counts" time="0.048" /><testcase classname="tests.backend_test.TestServicesCRUD" name="test_service_crud" time="0.218" /><testcase classname="tests.backend_test.TestTeamCRUD" name="test_team_crud" time="0.145" /><testcase classname="tests.backend_test.TestEnquiriesAdmin" name="test_list_status_note_export" time="0.451" /><testcase classname="tests.backend_test.TestBlogCRUD" name="test_blog_draft_then_publish" time="0.242" /><testcase classname="tests.backend_test.TestCapabilityPDF" name="test_upload_and_public" time="0.190" /><testcase classname="tests.backend_test.TestMedia" name="test_upload_png_and_reject_txt" time="0.424" /><testcase classname="tests.backend_test.TestLogout" name="test_logout_clears_session" time="0.419" /><testcase classname="tests.backend_test.TestChangePassword" name="test_change_and_revert" time="2.195" /></testsuite></testsuites>